<?xml version="1.0" encoding="UTF-8"?>
<Site BuildName="Linux-c++"
	BuildStamp="20240724-0116-Experimental"
	Name="robbie-Inspiron-5406-2n1"
	Generator="ctest-3.22.1"
	CompilerName="/usr/bin/c++"
	CompilerVersion="9.4.0"
	OSName="Linux"
	Hostname="robbie-Inspiron-5406-2n1"
	OSRelease="5.15.0-113-generic"
	OSVersion="#123~20.04.1-Ubuntu SMP Wed Jun 12 17:33:13 UTC 2024"
	OSPlatform="x86_64"
	Is64Bits="1"
	VendorString="GenuineIntel"
	VendorID="Intel Corporation"
	FamilyID="6"
	ModelID="140"
	ProcessorCacheSize="12288"
	NumberOfLogicalCPU="8"
	NumberOfPhysicalCPU="4"
	TotalVirtualMemory="2047"
	TotalPhysicalMemory="15717"
	LogicalProcessorsPerPhysical="2"
	ProcessorClockFrequency="3317.6"
	>
	<Testing>
		<StartDateTime>Jul 24 18:51 AEST</StartDateTime>
		<StartTestTime>1721811111</StartTestTime>
		<TestList/>
		<EndDateTime>Jul 24 18:51 AEST</EndDateTime>
		<EndTestTime>1721811111</EndTestTime>
		<ElapsedMinutes>0</ElapsedMinutes>
	</Testing>
</Site>
