<?xml version="1.0" encoding="UTF-8"?>
<Site BuildName="Linux-c++"
	BuildStamp="20240731-0005-Experimental"
	Name="robbie-Inspiron-5406-2n1"
	Generator="ctest-3.22.1"
	CompilerName="/usr/bin/c++"
	CompilerVersion="9.4.0"
	OSName="Linux"
	Hostname="robbie-Inspiron-5406-2n1"
	OSRelease="5.15.0-116-generic"
	OSVersion="#126~20.04.1-Ubuntu SMP Mon Jul 1 15:40:07 UTC 2024"
	OSPlatform="x86_64"
	Is64Bits="1"
	VendorString="GenuineIntel"
	VendorID="Intel Corporation"
	FamilyID="6"
	ModelID="140"
	ProcessorCacheSize="12288"
	NumberOfLogicalCPU="8"
	NumberOfPhysicalCPU="4"
	TotalVirtualMemory="2047"
	TotalPhysicalMemory="15717"
	LogicalProcessorsPerPhysical="2"
	ProcessorClockFrequency="1028.54"
	>
	<Testing>
		<StartDateTime>Jul 31 10:05 AEST</StartDateTime>
		<StartTestTime>1722384355</StartTestTime>
		<TestList/>
		<EndDateTime>Jul 31 10:05 AEST</EndDateTime>
		<EndTestTime>1722384355</EndTestTime>
		<ElapsedMinutes>0</ElapsedMinutes>
	</Testing>
</Site>
